<?xml version="1.0" encoding="UTF-8"?>
<!-- Generated by org.testng.reporters.JUnitReportReporter -->
<testsuite skipped="0" hostname="DESKTOP-GMLA7V2" name="MavenProject.casestudy.signupValid" tests="1" failures="0" timestamp="2021-09-26T20:08:00 IST" time="30.209" errors="0">
  <testcase name="signupdetails" time="30.209" classname="MavenProject.casestudy.signupValid"/>
  <system-out/>
</testsuite> <!-- MavenProject.casestudy.signupValid -->
