<?xml version="1.0" encoding="UTF-8"?>
<!-- Generated by org.testng.reporters.JUnitReportReporter -->
<testsuite skipped="0" hostname="DESKTOP-GMLA7V2" name="MavenProject.casestudy.jpnagarStoreAddress" tests="1" failures="0" timestamp="2021-09-26T20:08:00 IST" time="23.008" errors="0">
  <testcase name="signupdetails" time="23.008" classname="MavenProject.casestudy.jpnagarStoreAddress"/>
  <system-out/>
</testsuite> <!-- MavenProject.casestudy.jpnagarStoreAddress -->
