<?xml version="1.0" encoding="UTF-8"?>
<!-- Generated by org.testng.reporters.JUnitReportReporter -->
<testsuite skipped="0" hostname="DESKTOP-GMLA7V2" name="MavenProject.casestudy.sofaDimensions" tests="1" failures="0" timestamp="2021-09-26T20:08:00 IST" time="32.782" errors="0">
  <testcase name="logindetails" time="32.782" classname="MavenProject.casestudy.sofaDimensions"/>
  <system-out/>
</testsuite> <!-- MavenProject.casestudy.sofaDimensions -->
