<?xml version="1.0" encoding="UTF-8"?>
<!-- Generated by org.testng.reporters.JUnitReportReporter -->
<testsuite skipped="0" hostname="DESKTOP-GMLA7V2" name="MavenProject.casestudy.loginInvalid" tests="1" failures="0" timestamp="2021-09-26T20:08:00 IST" time="21.602" errors="0">
  <testcase name="logindetails" time="21.602" classname="MavenProject.casestudy.loginInvalid"/>
  <system-out/>
</testsuite> <!-- MavenProject.casestudy.loginInvalid -->
