<?xml version="1.0" encoding="UTF-8"?>
<!-- Generated by org.testng.reporters.JUnitReportReporter -->
<testsuite skipped="0" hostname="DESKTOP-GMLA7V2" name="Testrunner.runner" tests="8" failures="0" timestamp="2021-09-27T15:56:07 IST" time="169.459" errors="0">
  <testcase name="setPriceLimit1" time="23.460" classname="Testrunner.runner"/>
  <system-out/>
  <testcase name="signupdetails1" time="17.244" classname="Testrunner.runner"/>
  <system-out/>
  <testcase name="getcontactmail1" time="19.139" classname="Testrunner.runner"/>
  <system-out/>
  <testcase name="setPriceLimit" time="27.491" classname="Testrunner.runner"/>
  <system-out/>
  <testcase name="signupdetails" time="23.775" classname="Testrunner.runner"/>
  <system-out/>
  <testcase name="logindetails1" time="22.358" classname="Testrunner.runner"/>
  <system-out/>
  <testcase name="getcontactmail" time="17.056" classname="Testrunner.runner"/>
  <system-out/>
  <testcase name="Logindetails" time="18.936" classname="Testrunner.runner"/>
  <system-out/>
</testsuite> <!-- Testrunner.runner -->
