<?xml version="1.0" encoding="UTF-8"?>
<!-- Generated by org.testng.reporters.JUnitReportReporter -->
<testsuite skipped="0" hostname="DESKTOP-GMLA7V2" name="MavenProject.casestudy.CategorywiseMinPrices" tests="1" failures="0" timestamp="2021-09-26T20:08:00 IST" time="18.729" errors="0">
  <testcase name="getPrices" time="18.729" classname="MavenProject.casestudy.CategorywiseMinPrices"/>
  <system-out/>
</testsuite> <!-- MavenProject.casestudy.CategorywiseMinPrices -->
